<?xml version="1.0" encoding="UTF-8"?>
<testsuite xmlns:xsi="http://www.w3.org/2001/XMLSchema-instance" xsi:noNamespaceSchemaLocation="https://maven.apache.org/surefire/maven-surefire-plugin/xsd/surefire-test-report-3.0.xsd" version="3.0" name="com.finmanager.util.DateUtilsTest" time="0.0" tests="7" errors="0" skipped="0" failures="0">
  <properties>
[...]
</properties>
  <testcase name="testGetNextMonth" classname="com.finmanager.util.DateUtilsTest" time="0.0"/>
  <testcase name="testGetCurrentMonth" classname="com.finmanager.util.DateUtilsTest" time="0.0"/>
  <testcase name="testIsDateInMonth" classname="com.finmanager.util.DateUtilsTest" time="0.0"/>
  <testcase name="testGetStartOfMonth" classname="com.finmanager.util.DateUtilsTest" time="0.0"/>
  <testcase name="testIsLeapYear" classname="com.finmanager.util.DateUtilsTest" time="0.0"/>
  <testcase name="testGetEndOfMonth" classname="com.finmanager.util.DateUtilsTest" time="0.0"/>
  <testcase name="testGetPreviousMonth" classname="com.finmanager.util.DateUtilsTest" time="0.0"/>
</testsuite>